TN:
SF:src\services\recommendationService.ts
FN:7,(anonymous_7)
FN:32,(anonymous_8)
FN:44,(anonymous_10)
FN:62,(anonymous_12)
FN:80,(anonymous_14)
FN:102,(anonymous_16)
FN:102,(anonymous_17)
FN:108,(anonymous_18)
FN:123,(anonymous_19)
FNF:9
FNH:8
FNDA:1,(anonymous_7)
FNDA:2,(anonymous_8)
FNDA:2,(anonymous_10)
FNDA:2,(anonymous_12)
FNDA:2,(anonymous_14)
FNDA:2,(anonymous_16)
FNDA:2,(anonymous_17)
FNDA:1,(anonymous_18)
FNDA:0,(anonymous_19)
DA:1,1
DA:3,1
DA:8,1
DA:9,1
DA:10,1
DA:13,1
DA:15,1
DA:16,1
DA:17,1
DA:18,1
DA:20,1
DA:21,1
DA:22,1
DA:25,1
DA:26,1
DA:33,2
DA:34,2
DA:35,2
DA:36,2
DA:38,2
DA:45,2
DA:49,2
DA:50,2
DA:51,1
DA:52,1
DA:53,1
DA:56,2
DA:63,2
DA:64,2
DA:65,2
DA:67,2
DA:68,1
DA:70,1
DA:72,2
DA:81,2
DA:87,2
DA:88,2
DA:89,2
DA:91,2
DA:93,0
DA:96,2
DA:102,2
DA:103,2
DA:104,2
DA:106,2
DA:108,2
DA:109,1
DA:110,1
DA:112,1
DA:114,1
DA:123,2
DA:125,2
LF:52
LH:51
BRDA:17,0,0,1
BRDA:17,0,1,0
BRDA:18,1,0,1
BRDA:18,1,1,0
BRDA:25,2,0,0
BRDA:25,2,1,1
BRDA:25,3,0,1
BRDA:25,3,1,1
BRDA:89,4,0,2
BRDA:89,4,1,0
BRDA:89,5,0,2
BRDA:89,5,1,2
BRDA:102,6,0,1
BRDA:109,7,0,1
BRDA:109,7,1,0
BRDA:110,8,0,1
BRDA:110,8,1,0
BRF:17
BRH:11
end_of_record
